# JRE version: OpenJDK Runtime Environment (19.0.1+10) (build 19.0.1+10-21)
# Java VM: OpenJDK 64-Bit Server VM (19.0.1+10-21, mixed mode, emulated-client, sharing, tiered, compressed oops, compressed class ptrs, g1 gc, windows-amd64)
GC Precious Log:
 CardTable entry size: 512
 Card Set container configuration: InlinePtr #cards 5 size 8 Array Of Cards #cards 12 size 40 Howl #buckets 4 coarsen threshold 1843 Howl Bitmap #cards 512 size 80 coarsen threshold 460 Card regions per heap region 1 cards per card region 2048
 CPUs: 4 total, 4 available
 Memory: 4012M
 Large Page Support: Disabled
 NUMA Support: Disabled
 Compressed Oops: Enabled (32-bit)
 Heap Region Size: 1M
 Heap Min Capacity: 8M
 Heap Initial Capacity: 64M
 Heap Max Capacity: 1004M
 Pre-touch: Disabled
 Parallel Workers: 4
 Concurrent Workers: 1
 Concurrent Refinement Workers: 4
 Periodic GC: Disabled
Heap:
 garbage-first heap   total 69632K, used 27684K [0x00000000c1400000, 0x0000000100000000)
  region size 1024K, 1 young (1024K), 1 survivors (1024K)
 Metaspace       used 64760K, committed 65344K, reserved 1114112K
  class space    used 8933K, committed 9216K, reserved 1048576K
GC Heap History (20 events):
Event: 526.995 GC heap after
{Heap after GC invocations=26 (full 0):
 garbage-first heap   total 51200K, used 28591K [0x00000000c1400000, 0x0000000100000000)
  region size 1024K, 1 young (1024K), 1 survivors (1024K)
 Metaspace       used 61436K, committed 62016K, reserved 1114112K
  class space    used 8491K, committed 8768K, reserved 1048576K
}
Event: 604.592 GC heap before
{Heap before GC invocations=26 (full 0):
 garbage-first heap   total 51200K, used 40879K [0x00000000c1400000, 0x0000000100000000)
  region size 1024K, 14 young (14336K), 1 survivors (1024K)
 Metaspace       used 64090K, committed 64768K, reserved 1114112K
  class space    used 8843K, committed 9152K, reserved 1048576K
}
Event: 607.174 GC heap after
{Heap after GC invocations=27 (full 0):
 garbage-first heap   total 51200K, used 29255K [0x00000000c1400000, 0x0000000100000000)
  region size 1024K, 1 young (1024K), 1 survivors (1024K)
 Metaspace       used 64090K, committed 64768K, reserved 1114112K
  class space    used 8843K, committed 9152K, reserved 1048576K
}
Event: 611.093 GC heap before
{Heap before GC invocations=27 (full 0):
 garbage-first heap   total 51200K, used 30279K [0x00000000c1400000, 0x0000000100000000)
  region size 1024K, 2 young (2048K), 1 survivors (1024K)
 Metaspace       used 64279K, committed 64896K, reserved 1114112K
  class space    used 8870K, committed 9152K, reserved 1048576K
}
Event: 611.529 GC heap after
{Heap after GC invocations=28 (full 0):
 garbage-first heap   total 51200K, used 29337K [0x00000000c1400000, 0x0000000100000000)
  region size 1024K, 1 young (1024K), 1 survivors (1024K)
 Metaspace       used 64279K, committed 64896K, reserved 1114112K
  class space    used 8870K, committed 9152K, reserved 1048576K
}
Event: 625.904 GC heap before
{Heap before GC invocations=29 (full 0):
 garbage-first heap   total 53248K, used 30361K [0x00000000c1400000, 0x0000000100000000)
  region size 1024K, 2 young (2048K), 1 survivors (1024K)
 Metaspace       used 64361K, committed 65152K, reserved 1114112K
  class space    used 8872K, committed 9216K, reserved 1048576K
}
Event: 625.907 GC heap after
{Heap after GC invocations=30 (full 0):
 garbage-first heap   total 53248K, used 29351K [0x00000000c1400000, 0x0000000100000000)
  region size 1024K, 1 young (1024K), 1 survivors (1024K)
 Metaspace       used 64361K, committed 65152K, reserved 1114112K
  class space    used 8872K, committed 9216K, reserved 1048576K
}
Event: 629.903 GC heap before
{Heap before GC invocations=30 (full 0):
 garbage-first heap   total 53248K, used 29351K [0x00000000c1400000, 0x0000000100000000)
  region size 1024K, 2 young (2048K), 1 survivors (1024K)
 Metaspace       used 64514K, committed 65152K, reserved 1114112K
  class space    used 8898K, committed 9216K, reserved 1048576K
}
Event: 629.906 GC heap after
{Heap after GC invocations=31 (full 0):
 garbage-first heap   total 53248K, used 29075K [0x00000000c1400000, 0x0000000100000000)
  region size 1024K, 1 young (1024K), 1 survivors (1024K)
 Metaspace       used 64514K, committed 65152K, reserved 1114112K
  class space    used 8898K, committed 9216K, reserved 1048576K
}
Event: 630.624 GC heap before
{Heap before GC invocations=31 (full 0):
 garbage-first heap   total 53248K, used 29075K [0x00000000c1400000, 0x0000000100000000)
  region size 1024K, 2 young (2048K), 1 survivors (1024K)
 Metaspace       used 64672K, committed 65280K, reserved 1114112K
  class space    used 8921K, committed 9216K, reserved 1048576K
}
Event: 630.644 GC heap after
{Heap after GC invocations=32 (full 0):
 garbage-first heap   total 53248K, used 28778K [0x00000000c1400000, 0x0000000100000000)
  region size 1024K, 1 young (1024K), 1 survivors (1024K)
 Metaspace       used 64672K, committed 65280K, reserved 1114112K
  class space    used 8921K, committed 9216K, reserved 1048576K
}
Event: 714.986 GC heap before
{Heap before GC invocations=32 (full 0):
 garbage-first heap   total 53248K, used 29802K [0x00000000c1400000, 0x0000000100000000)
  region size 1024K, 2 young (2048K), 1 survivors (1024K)
 Metaspace       used 64680K, committed 65280K, reserved 1114112K
  class space    used 8922K, committed 9216K, reserved 1048576K
}
Event: 827.667 GC heap after
{Heap after GC invocations=33 (full 0):
 garbage-first heap   total 69632K, used 28450K [0x00000000c1400000, 0x0000000100000000)
  region size 1024K, 1 young (1024K), 1 survivors (1024K)
 Metaspace       used 64680K, committed 65280K, reserved 1114112K
  class space    used 8922K, committed 9216K, reserved 1048576K
}
Event: 1305.310 GC heap before
{Heap before GC invocations=33 (full 0):
 garbage-first heap   total 69632K, used 30498K [0x00000000c1400000, 0x0000000100000000)
  region size 1024K, 3 young (3072K), 1 survivors (1024K)
 Metaspace       used 64691K, committed 65280K, reserved 1114112K
  class space    used 8922K, committed 9216K, reserved 1048576K
}
Event: 1370.020 GC heap after
{Heap after GC invocations=34 (full 0):
 garbage-first heap   total 69632K, used 28122K [0x00000000c1400000, 0x0000000100000000)
  region size 1024K, 1 young (1024K), 1 survivors (1024K)
 Metaspace       used 64691K, committed 65280K, reserved 1114112K
  class space    used 8922K, committed 9216K, reserved 1048576K
}
Event: 1462.695 GC heap before
{Heap before GC invocations=34 (full 0):
 garbage-first heap   total 69632K, used 30170K [0x00000000c1400000, 0x0000000100000000)
  region size 1024K, 3 young (3072K), 1 survivors (1024K)
 Metaspace       used 64705K, committed 65280K, reserved 1114112K
  class space    used 8924K, committed 9216K, reserved 1048576K
}
Event: 1468.839 GC heap after
{Heap after GC invocations=35 (full 0):
 garbage-first heap   total 69632K, used 27922K [0x00000000c1400000, 0x0000000100000000)
  region size 1024K, 1 young (1024K), 1 survivors (1024K)
 Metaspace       used 64705K, committed 65280K, reserved 1114112K
  class space    used 8924K, committed 9216K, reserved 1048576K
}
Event: 1519.455 GC heap before
{Heap before GC invocations=35 (full 0):
 garbage-first heap   total 69632K, used 29970K [0x00000000c1400000, 0x0000000100000000)
  region size 1024K, 3 young (3072K), 1 survivors (1024K)
 Metaspace       used 64729K, committed 65280K, reserved 1114112K
  class space    used 8929K, committed 9216K, reserved 1048576K
}
Event: 1526.877 GC heap after
{Heap after GC invocations=36 (full 0):
 garbage-first heap   total 69632K, used 27673K [0x00000000c1400000, 0x0000000100000000)
  region size 1024K, 1 young (1024K), 1 survivors (1024K)
 Metaspace       used 64729K, committed 65280K, reserved 1114112K
  class space    used 8929K, committed 9216K, reserved 1048576K
}
Event: 1569.887 GC heap before
{Heap before GC invocations=36 (full 0):
 garbage-first heap   total 69632K, used 29721K [0x00000000c1400000, 0x0000000100000000)
  region size 1024K, 3 young (3072K), 1 survivors (1024K)
 Metaspace       used 64760K, committed 65344K, reserved 1114112K
  class space    used 8933K, committed 9216K, reserved 1048576K
}

